<?xml version="1.0" encoding="UTF-8"?>
<!-- Generated by org.testng.reporters.JUnitReportReporter -->
<testsuite hostname="DESKTOP-A0UU002" failures="0" tests="2" name="docker_pac1.Setup_DockerGrid" time="20.068" errors="0" timestamp="2025-04-22T12:17:52 IST" skipped="0">
  <testcase classname="docker_pac1.Setup_DockerGrid" name="startDockerGrid" time="15.045"/>
  <testcase classname="docker_pac1.Setup_DockerGrid" name="stopDockerGrid" time="5.023"/>
</testsuite> <!-- docker_pac1.Setup_DockerGrid -->
