<?xml version="1.0" encoding="UTF-8"?>
<!-- Generated by org.testng.reporters.JUnitReportReporter -->
<testsuite hostname="DESKTOP-A0UU002" failures="0" tests="1" name="docker_pac1.ChromeClass1" time="13.952" errors="0" timestamp="2025-04-22T15:39:19 IST" skipped="0">
  <testcase classname="docker_pac1.ChromeClass1" name="test1" time="13.952"/>
</testsuite> <!-- docker_pac1.ChromeClass1 -->
