<?xml version="1.0" encoding="UTF-8"?>
<!-- Generated by org.testng.reporters.JUnitReportReporter -->
<testsuite hostname="DESKTOP-A0UU002" failures="0" tests="1" name="docker_pac1.EdgeClass3" time="10.667" errors="0" timestamp="2025-04-22T15:39:19 IST" skipped="0">
  <testcase classname="docker_pac1.EdgeClass3" name="test3" time="10.667"/>
</testsuite> <!-- docker_pac1.EdgeClass3 -->
