<?xml version="1.0" encoding="UTF-8"?>
<!-- Generated by org.testng.reporters.JUnitReportReporter -->
<testsuite hostname="DESKTOP-A0UU002" failures="0" tests="1" name="docker_pac1.ChromeClass2" time="8.890" errors="0" timestamp="2025-04-22T15:39:19 IST" skipped="0">
  <testcase classname="docker_pac1.ChromeClass2" name="test2" time="8.890"/>
</testsuite> <!-- docker_pac1.ChromeClass2 -->
