<?xml version="1.0" encoding="UTF-8"?>
<!-- Generated by org.testng.reporters.JUnitReportReporter -->
<testsuite hostname="DESKTOP-A0UU002" failures="0" tests="1" name="docker_pac1.FirefoxClass4" time="14.301" errors="0" timestamp="2025-04-22T15:39:19 IST" skipped="0">
  <testcase classname="docker_pac1.FirefoxClass4" name="test4" time="14.301"/>
</testsuite> <!-- docker_pac1.FirefoxClass4 -->
